GowinSynthesis start
Running parser ...
Analyzing Verilog file 'D:\Studio\TangNano4K\TangNano-9K-example-main\hdmi_cb\src\dvi_tx\hdmi.v'
Analyzing Verilog file 'D:\Studio\TangNano4K\TangNano-9K-example-main\hdmi_cb\src\testpattern.v'
Analyzing Verilog file 'D:\Studio\TangNano4K\TangNano-9K-example-main\hdmi_cb\src\video_top.v'
Analyzing Verilog file 'D:\Studio\TangNano4K\TangNano-9K-example-main\hdmi_cb\src\gowin_rpll\TMDS_rPLL.v'
Compiling module 'video_top'("D:\Studio\TangNano4K\TangNano-9K-example-main\hdmi_cb\src\video_top.v":2)
Compiling module 'testpattern'("D:\Studio\TangNano4K\TangNano-9K-example-main\hdmi_cb\src\testpattern.v":17)
Compiling module 'TMDS_rPLL'("D:\Studio\TangNano4K\TangNano-9K-example-main\hdmi_cb\src\gowin_rpll\TMDS_rPLL.v":9)
Compiling module 'HDMI_TX_Top'("D:\Studio\TangNano4K\TangNano-9K-example-main\hdmi_cb\src\dvi_tx\hdmi.v":1042)
Compiling module '**'("D:\Studio\TangNano4K\TangNano-9K-example-main\hdmi_cb\src\dvi_tx\hdmi.v":0)
Compiling module '**'("D:\Studio\TangNano4K\TangNano-9K-example-main\hdmi_cb\src\dvi_tx\hdmi.v":0)
Compiling module '**'("D:\Studio\TangNano4K\TangNano-9K-example-main\hdmi_cb\src\dvi_tx\hdmi.v":0)
Compiling module '**'("D:\Studio\TangNano4K\TangNano-9K-example-main\hdmi_cb\src\dvi_tx\hdmi.v":0)
NOTE  (EX0101) : Current top module is "video_top"
[5%] Running netlist conversion ...
Running device independent optimization ...
[10%] Optimizing Phase 0 completed
[15%] Optimizing Phase 1 completed
[25%] Optimizing Phase 2 completed
Running inference ...
[30%] Inferring Phase 0 completed
[40%] Inferring Phase 1 completed
[50%] Inferring Phase 2 completed
[55%] Inferring Phase 3 completed
Running technical mapping ...
[60%] Tech-Mapping Phase 0 completed
[65%] Tech-Mapping Phase 1 completed
[75%] Tech-Mapping Phase 2 completed
[80%] Tech-Mapping Phase 3 completed
[90%] Tech-Mapping Phase 4 completed
[95%] Generate netlist file "D:\Studio\TangNano4K\TangNano-9K-example-main\hdmi_cb\impl\gwsynthesis\hdmi_cb.vg" completed
[100%] Generate report file "D:\Studio\TangNano4K\TangNano-9K-example-main\hdmi_cb\impl\gwsynthesis\hdmi_cb_syn.rpt.html" completed
GowinSynthesis finish
